0 info it worked if it ends with ok
1 verbose cli [ '/usr/local/bin/node',
1 verbose cli   '/usr/local/bin/npm',
1 verbose cli   'i',
1 verbose cli   'child_process' ]
2 info using npm@1.3.11
3 info using node@v0.10.21
4 verbose readDependencies using package.json deps
5 verbose cache add [ 'child_process', null ]
6 verbose cache add name=undefined spec="child_process" args=["child_process",null]
7 verbose parsed url { protocol: null,
7 verbose parsed url   slashes: null,
7 verbose parsed url   auth: null,
7 verbose parsed url   host: null,
7 verbose parsed url   port: null,
7 verbose parsed url   hostname: null,
7 verbose parsed url   hash: null,
7 verbose parsed url   search: null,
7 verbose parsed url   query: null,
7 verbose parsed url   pathname: 'child_process',
7 verbose parsed url   path: 'child_process',
7 verbose parsed url   href: 'child_process' }
8 silly lockFile 4845fa97-child-process child_process
9 verbose lock child_process /home/stas/.npm/4845fa97-child-process.lock
10 silly lockFile 4845fa97-child-process child_process
11 silly lockFile 4845fa97-child-process child_process
12 verbose addNamed [ 'child_process', '' ]
13 verbose addNamed [ null, '*' ]
14 silly lockFile 512a7ef6-child-process child_process@
15 verbose lock child_process@ /home/stas/.npm/512a7ef6-child-process.lock
16 silly addNameRange { name: 'child_process', range: '*', hasData: false }
17 verbose url raw child_process
18 verbose url resolving [ 'https://registry.npmjs.org/', './child_process' ]
19 verbose url resolved https://registry.npmjs.org/child_process
20 info trying registry request attempt 1 at 17:33:55
21 http GET https://registry.npmjs.org/child_process
22 http 404 https://registry.npmjs.org/child_process
23 silly registry.get cb [ 404,
23 silly registry.get   { date: 'Wed, 08 Jan 2014 13:33:57 GMT',
23 silly registry.get     server: 'CouchDB/1.5.0 (Erlang OTP/R15B03)',
23 silly registry.get     'content-type': 'application/json',
23 silly registry.get     'cache-control': 'max-age=0',
23 silly registry.get     'content-length': '52',
23 silly registry.get     'accept-ranges': 'bytes',
23 silly registry.get     via: '1.1 varnish',
23 silly registry.get     age: '0',
23 silly registry.get     'x-served-by': 'cache-am77-AMS',
23 silly registry.get     'x-cache': 'MISS',
23 silly registry.get     'x-cache-hits': '0',
23 silly registry.get     'x-timer': 'S1389188037.250569344,VS0,VE132',
23 silly registry.get     'keep-alive': 'timeout=10, max=50',
23 silly registry.get     connection: 'Keep-Alive' } ]
24 silly lockFile 512a7ef6-child-process child_process@
25 silly lockFile 512a7ef6-child-process child_process@
26 error 404 'child_process' is not in the npm registry.
26 error 404 You should bug the author to publish it
26 error 404
26 error 404 Note that you can also install from a
26 error 404 tarball, folder, or http url, or git url.
27 error System Linux 3.5.0-40-generic
28 error command "/usr/local/bin/node" "/usr/local/bin/npm" "i" "child_process"
29 error cwd /home/stas/sites/sockjs/client1
30 error node -v v0.10.21
31 error npm -v 1.3.11
32 error code E404
33 verbose exit [ 1, true ]
